<?xml version="1.0" encoding="UTF-8"?>
<testng-results ignored="0" total="1" passed="1" failed="0" skipped="0">
  <reporter-output>
  </reporter-output>
  <suite started-at="2022-12-27T23:50:40 IST" name="Default suite" finished-at="2022-12-27T23:50:51 IST" duration-ms="10903">
    <groups>
    </groups>
    <test started-at="2022-12-27T23:50:40 IST" name="Default test" finished-at="2022-12-27T23:50:51 IST" duration-ms="10903">
      <class name="com.DemoProject.MainTest">
        <test-method signature="setUp()[pri:0, instance:com.DemoProject.MainTest@5bd03f44]" started-at="2022-12-27T23:50:40 IST" name="setUp" finished-at="2022-12-27T23:50:51 IST" duration-ms="10803" status="PASS">
          <reporter-output>
          </reporter-output>
        </test-method> <!-- setUp -->
      </class> <!-- com.DemoProject.MainTest -->
    </test> <!-- Default test -->
  </suite> <!-- Default suite -->
</testng-results>
