<?xml version="1.0" encoding="UTF-8"?>
<testng-results ignored="0" total="1" passed="1" failed="0" skipped="0">
  <reporter-output>
  </reporter-output>
  <suite started-at="2023-07-20T13:15:36 IST" name="Default suite" finished-at="2023-07-20T13:15:55 IST" duration-ms="19279">
    <groups>
    </groups>
    <test started-at="2023-07-20T13:15:36 IST" name="Default test" finished-at="2023-07-20T13:15:55 IST" duration-ms="19279">
      <class name="com.testcase.AddToCart">
        <test-method is-config="true" signature="browserSetUp()[pri:0, instance:com.testcase.AddToCart@6fd83fc1]" started-at="2023-07-20T13:15:36 IST" name="browserSetUp" finished-at="2023-07-20T13:15:43 IST" duration-ms="7456" status="PASS">
          <reporter-output>
          </reporter-output>
        </test-method> <!-- browserSetUp -->
        <test-method signature="addToCart()[pri:0, instance:com.testcase.AddToCart@6fd83fc1]" started-at="2023-07-20T13:15:43 IST" name="addToCart" finished-at="2023-07-20T13:15:55 IST" duration-ms="11749" status="PASS">
          <reporter-output>
          </reporter-output>
        </test-method> <!-- addToCart -->
      </class> <!-- com.testcase.AddToCart -->
    </test> <!-- Default test -->
  </suite> <!-- Default suite -->
</testng-results>
